<?xml version="1.0" encoding="UTF-8"?>
<!-- Generated by org.testng.reporters.JUnitXMLReporter -->
<testsuite ignored="0" hostname="DESKTOP-LFA4N1R" failures="0" tests="4" name="Admin &amp; UI Features Tests" time="183.126" errors="0" timestamp="2026-09-18T15:39:06 EEST">
  <testcase classname="com.orangehrm.tests.AdminTests" name="testAddUserFormFields" time="33.85"/>
  <testcase classname="com.orangehrm.tests.UiTests" name="testFooterBrandingLink" time="79.213">
    <skipped/>
  </testcase> <!-- testFooterBrandingLink -->
  <testcase classname="com.orangehrm.tests.UiTests" name="testFooterBrandingLink" time="38.402"/>
  <testcase classname="com.orangehrm.tests.UiTests" name="testSidebarMenuItems" time="18.476"/>
</testsuite> <!-- Admin & UI Features Tests -->
