<?xml version="1.0" encoding="UTF-8"?>
<!-- Generated by org.testng.reporters.JUnitXMLReporter -->
<testsuite ignored="0" hostname="DESKTOP-LFA4N1R" failures="0" tests="3" name="Login &amp; Authentication Tests" time="89.303" errors="0" timestamp="2026-09-18T15:37:32 EEST">
  <testcase classname="com.orangehrm.tests.LoginTests" name="testLoginWithEmptyFields" time="19.002"/>
  <testcase classname="com.orangehrm.tests.LoginTests" name="testLoginWithInvalidCredentials" time="29.697"/>
  <testcase classname="com.orangehrm.tests.LoginTests" name="testLoginWithValidCredentials" time="28.634"/>
</testsuite> <!-- Login & Authentication Tests -->
