<?xml version="1.0" encoding="UTF-8"?>
<!-- Generated by org.testng.reporters.JUnitXMLReporter -->
<testsuite ignored="0" hostname="DESKTOP-LFA4N1R" failures="0" tests="6" name="PIM &amp; Employee Management Tests" time="231.648" errors="0" timestamp="2026-09-18T15:39:54 EEST">
  <testcase classname="com.orangehrm.tests.EmployeeSearchTests" name="testSearchExistingEmployee" time="30.538"/>
  <testcase classname="com.orangehrm.tests.EmployeeSearchTests" name="testSearchNonExistingEmployee" time="36.561"/>
  <testcase classname="com.orangehrm.tests.AddEmployeeTests" name="testAddEmployeeEndToEnd" time="45.825">
    <skipped/>
  </testcase> <!-- testAddEmployeeEndToEnd -->
  <testcase classname="com.orangehrm.tests.AddEmployeeTests" name="testAddEmployeeEndToEnd" time="46.727"/>
  <testcase classname="com.orangehrm.tests.AddEmployeeTests" name="testAddEmployeeWithEmptyFirstName" time="37.522"/>
  <testcase classname="com.orangehrm.tests.AddEmployeeTests" name="testOpenAddEmployeePage" time="16.828"/>
</testsuite> <!-- PIM & Employee Management Tests -->
