<?xml version="1.0" encoding="UTF-8"?>
<testng-results retried="2" ignored="2" total="15" passed="11" failed="0" skipped="0">
  <reporter-output>
  </reporter-output>
  <suite started-at="2026-09-18T15:36:03 EEST" name="OrangeHRM Automation Suite" finished-at="2026-09-18T15:39:54 EEST" duration-ms="231653">
    <groups>
    </groups>
    <test started-at="2026-09-18T15:36:03 EEST" name="Login &amp; Authentication Tests" finished-at="2026-09-18T15:37:32 EEST" duration-ms="89303">
      <class name="com.orangehrm.tests.LoginTests">
        <test-method is-config="true" signature="setUp()[pri:0, instance:com.orangehrm.tests.LoginTests@5d124d29]" started-at="2026-09-18T15:36:03 EEST" name="setUp" finished-at="2026-09-18T15:36:10 EEST" duration-ms="7327" status="PASS">
          <reporter-output>
          </reporter-output>
        </test-method> <!-- setUp -->
        <test-method signature="testLoginWithEmptyFields()[pri:0, instance:com.orangehrm.tests.LoginTests@5d124d29]" started-at="2026-09-18T15:36:10 EEST" name="testLoginWithEmptyFields" description="TC03 - Login with empty fields" finished-at="2026-09-18T15:36:29 EEST" duration-ms="19002" status="PASS">
          <reporter-output>
          </reporter-output>
        </test-method> <!-- testLoginWithEmptyFields -->
        <test-method is-config="true" signature="tearDown()[pri:0, instance:com.orangehrm.tests.LoginTests@5d124d29]" started-at="2026-09-18T15:36:29 EEST" name="tearDown" finished-at="2026-09-18T15:36:30 EEST" duration-ms="223" status="PASS">
          <reporter-output>
          </reporter-output>
        </test-method> <!-- tearDown -->
        <test-method is-config="true" signature="setUp()[pri:0, instance:com.orangehrm.tests.LoginTests@5d124d29]" started-at="2026-09-18T15:36:30 EEST" name="setUp" finished-at="2026-09-18T15:36:32 EEST" duration-ms="2161" status="PASS">
          <reporter-output>
          </reporter-output>
        </test-method> <!-- setUp -->
        <test-method signature="testLoginWithInvalidCredentials(java.lang.String,java.lang.String)[pri:0, instance:com.orangehrm.tests.LoginTests@5d124d29]" started-at="2026-09-18T15:36:32 EEST" name="testLoginWithInvalidCredentials" description="TC02 - Login with invalid credentials" data-provider="invalidCredentials" finished-at="2026-09-18T15:37:01 EEST" duration-ms="29697" status="PASS">
          <params>
            <param index="0">
              <value>
                <![CDATA[WrongUser]]>
              </value>
            </param>
            <param index="1">
              <value>
                <![CDATA[wrongPass123]]>
              </value>
            </param>
          </params>
          <reporter-output>
          </reporter-output>
        </test-method> <!-- testLoginWithInvalidCredentials -->
        <test-method is-config="true" signature="tearDown()[pri:0, instance:com.orangehrm.tests.LoginTests@5d124d29]" started-at="2026-09-18T15:37:01 EEST" name="tearDown" finished-at="2026-09-18T15:37:02 EEST" duration-ms="170" status="PASS">
          <reporter-output>
          </reporter-output>
        </test-method> <!-- tearDown -->
        <test-method is-config="true" signature="setUp()[pri:0, instance:com.orangehrm.tests.LoginTests@5d124d29]" started-at="2026-09-18T15:37:02 EEST" name="setUp" finished-at="2026-09-18T15:37:03 EEST" duration-ms="1718" status="PASS">
          <reporter-output>
          </reporter-output>
        </test-method> <!-- setUp -->
        <test-method signature="testLoginWithValidCredentials(java.lang.String,java.lang.String)[pri:0, instance:com.orangehrm.tests.LoginTests@5d124d29]" started-at="2026-09-18T15:37:03 EEST" name="testLoginWithValidCredentials" description="TC01 - Login with valid credentials" data-provider="validCredentials" finished-at="2026-09-18T15:37:32 EEST" duration-ms="28634" status="PASS">
          <params>
            <param index="0">
              <value>
                <![CDATA[Admin]]>
              </value>
            </param>
            <param index="1">
              <value>
                <![CDATA[admin123]]>
              </value>
            </param>
          </params>
          <reporter-output>
          </reporter-output>
        </test-method> <!-- testLoginWithValidCredentials -->
        <test-method is-config="true" signature="tearDown()[pri:0, instance:com.orangehrm.tests.LoginTests@5d124d29]" started-at="2026-09-18T15:37:32 EEST" name="tearDown" finished-at="2026-09-18T15:37:32 EEST" duration-ms="171" status="PASS">
          <reporter-output>
          </reporter-output>
        </test-method> <!-- tearDown -->
      </class> <!-- com.orangehrm.tests.LoginTests -->
    </test> <!-- Login & Authentication Tests -->
    <test started-at="2026-09-18T15:36:03 EEST" name="Admin &amp; UI Features Tests" finished-at="2026-09-18T15:39:06 EEST" duration-ms="183126">
      <class name="com.orangehrm.tests.UiTests">
        <test-method is-config="true" signature="setUp()[pri:0, instance:com.orangehrm.tests.UiTests@6f85ee02]" started-at="2026-09-18T15:36:44 EEST" name="setUp" finished-at="2026-09-18T15:36:46 EEST" duration-ms="1943" status="PASS">
          <reporter-output>
          </reporter-output>
        </test-method> <!-- setUp -->
        <test-method retried="true" signature="testFooterBrandingLink()[pri:0, instance:com.orangehrm.tests.UiTests@6f85ee02]" started-at="2026-09-18T15:36:46 EEST" name="testFooterBrandingLink" description="TC10 - Verify the OrangeHRM footer branding link" finished-at="2026-09-18T15:38:05 EEST" duration-ms="79213" status="SKIP">
          <exception class="org.openqa.selenium.TimeoutException">
            <message>
              <![CDATA[timeout: Timed out receiving message from renderer: 40.000
  (Session info: chrome=152.0.7977.83)
Build info: version: '4.25.0', revision: '8a8aea2337'
System info: os.name: 'Windows 10', os.arch: 'amd64', os.version: '10.0', java.version: '17.0.19'
Driver info: org.openqa.selenium.chrome.ChromeDriver
Command: [1db46a0781f9ef620e93100ba9087837, getCurrentUrl {}]
Capabilities {acceptInsecureCerts: false, browserName: chrome, browserVersion: 152.0.7977.83, chrome: {chromedriverVersion: 152.0.7977.82 (d04cdb24d67b..., userDataDir: C:\Users\SOUQEL~1\AppData\L...}, fedcm:accounts: true, goog:chromeOptions: {debuggerAddress: localhost:61156}, goog:processID: 18780, networkConnectionEnabled: false, pageLoadStrategy: normal, platformName: windows, proxy: Proxy(), se:cdp: ws://localhost:61156/devtoo..., se:cdpVersion: 152.0.7977.83, setWindowRect: true, strictFileInteractability: false, timeouts: {implicit: 0, pageLoad: 300000, script: 30000}, unhandledPromptBehavior: dismiss and notify, webauthn:extension:credBlob: true, webauthn:extension:largeBlob: true, webauthn:extension:minPinLength: true, webauthn:extension:prf: true, webauthn:virtualAuthenticators: true}
Session ID: 1db46a0781f9ef620e93100ba9087837]]>
            </message>
            <full-stacktrace>
              <![CDATA[org.openqa.selenium.TimeoutException: timeout: Timed out receiving message from renderer: 40.000
  (Session info: chrome=152.0.7977.83)
Build info: version: '4.25.0', revision: '8a8aea2337'
System info: os.name: 'Windows 10', os.arch: 'amd64', os.version: '10.0', java.version: '17.0.19'
Driver info: org.openqa.selenium.chrome.ChromeDriver
Command: [1db46a0781f9ef620e93100ba9087837, getCurrentUrl {}]
Capabilities {acceptInsecureCerts: false, browserName: chrome, browserVersion: 152.0.7977.83, chrome: {chromedriverVersion: 152.0.7977.82 (d04cdb24d67b..., userDataDir: C:\Users\SOUQEL~1\AppData\L...}, fedcm:accounts: true, goog:chromeOptions: {debuggerAddress: localhost:61156}, goog:processID: 18780, networkConnectionEnabled: false, pageLoadStrategy: normal, platformName: windows, proxy: Proxy(), se:cdp: ws://localhost:61156/devtoo..., se:cdpVersion: 152.0.7977.83, setWindowRect: true, strictFileInteractability: false, timeouts: {implicit: 0, pageLoad: 300000, script: 30000}, unhandledPromptBehavior: dismiss and notify, webauthn:extension:credBlob: true, webauthn:extension:largeBlob: true, webauthn:extension:minPinLength: true, webauthn:extension:prf: true, webauthn:virtualAuthenticators: true}
Session ID: 1db46a0781f9ef620e93100ba9087837
at java.base/jdk.internal.reflect.NativeConstructorAccessorImpl.newInstance0(Native Method)
at java.base/jdk.internal.reflect.NativeConstructorAccessorImpl.newInstance(NativeConstructorAccessorImpl.java:77)
at java.base/jdk.internal.reflect.DelegatingConstructorAccessorImpl.newInstance(DelegatingConstructorAccessorImpl.java:45)
at java.base/java.lang.reflect.Constructor.newInstanceWithCaller(Constructor.java:500)
at java.base/java.lang.reflect.Constructor.newInstance(Constructor.java:481)
at org.openqa.selenium.remote.ErrorCodec.decode(ErrorCodec.java:167)
at org.openqa.selenium.remote.codec.w3c.W3CHttpResponseCodec.decode(W3CHttpResponseCodec.java:138)
at org.openqa.selenium.remote.codec.w3c.W3CHttpResponseCodec.decode(W3CHttpResponseCodec.java:50)
at org.openqa.selenium.remote.HttpCommandExecutor.execute(HttpCommandExecutor.java:190)
at org.openqa.selenium.remote.service.DriverCommandExecutor.invokeExecute(DriverCommandExecutor.java:216)
at org.openqa.selenium.remote.service.DriverCommandExecutor.execute(DriverCommandExecutor.java:174)
at org.openqa.selenium.remote.RemoteWebDriver.execute(RemoteWebDriver.java:545)
at org.openqa.selenium.remote.RemoteWebDriver.execute(RemoteWebDriver.java:618)
at org.openqa.selenium.remote.RemoteWebDriver.execute(RemoteWebDriver.java:622)
at org.openqa.selenium.remote.RemoteWebDriver.getCurrentUrl(RemoteWebDriver.java:325)
at org.openqa.selenium.support.ui.ExpectedConditions$4.apply(ExpectedConditions.java:124)
at org.openqa.selenium.support.ui.ExpectedConditions$4.apply(ExpectedConditions.java:119)
at org.openqa.selenium.support.ui.FluentWait.until(FluentWait.java:203)
at com.orangehrm.tests.UiTests.testFooterBrandingLink(UiTests.java:42)
at java.base/jdk.internal.reflect.NativeMethodAccessorImpl.invoke0(Native Method)
at java.base/jdk.internal.reflect.NativeMethodAccessorImpl.invoke(NativeMethodAccessorImpl.java:77)
at java.base/jdk.internal.reflect.DelegatingMethodAccessorImpl.invoke(DelegatingMethodAccessorImpl.java:43)
at java.base/java.lang.reflect.Method.invoke(Method.java:569)
at org.testng.internal.invokers.MethodInvocationHelper.invokeMethod(MethodInvocationHelper.java:141)
at org.testng.internal.invokers.TestInvoker.invokeMethod(TestInvoker.java:686)
at org.testng.internal.invokers.TestInvoker.invokeTestMethod(TestInvoker.java:230)
at org.testng.internal.invokers.MethodRunner.runInSequence(MethodRunner.java:63)
at org.testng.internal.invokers.TestInvoker$MethodInvocationAgent.invoke(TestInvoker.java:992)
at org.testng.internal.invokers.TestInvoker.invokeTestMethods(TestInvoker.java:203)
at org.testng.internal.invokers.TestMethodWorker.invokeTestMethods(TestMethodWorker.java:154)
at org.testng.internal.invokers.TestMethodWorker.run(TestMethodWorker.java:134)
at java.base/java.util.ArrayList.forEach(ArrayList.java:1511)
at org.testng.TestRunner.privateRun(TestRunner.java:739)
at org.testng.TestRunner.run(TestRunner.java:614)
at org.testng.SuiteRunner.runTest(SuiteRunner.java:421)
at org.testng.SuiteRunner$SuiteWorker.run(SuiteRunner.java:463)
at org.testng.internal.thread.ThreadUtil.lambda$execute$0(ThreadUtil.java:64)
at java.base/java.util.concurrent.FutureTask.run(FutureTask.java:264)
at java.base/java.util.concurrent.ThreadPoolExecutor.runWorker(ThreadPoolExecutor.java:1136)
at java.base/java.util.concurrent.ThreadPoolExecutor$Worker.run(ThreadPoolExecutor.java:635)
at java.base/java.lang.Thread.run(Thread.java:840)
]]>
            </full-stacktrace>
          </exception> <!-- org.openqa.selenium.TimeoutException -->
          <reporter-output>
          </reporter-output>
        </test-method> <!-- testFooterBrandingLink -->
        <test-method is-config="true" signature="tearDown()[pri:0, instance:com.orangehrm.tests.UiTests@6f85ee02]" started-at="2026-09-18T15:38:05 EEST" name="tearDown" finished-at="2026-09-18T15:38:06 EEST" duration-ms="191" status="PASS">
          <reporter-output>
          </reporter-output>
        </test-method> <!-- tearDown -->
        <test-method is-config="true" signature="setUp()[pri:0, instance:com.orangehrm.tests.UiTests@6f85ee02]" started-at="2026-09-18T15:38:06 EEST" name="setUp" finished-at="2026-09-18T15:38:07 EEST" duration-ms="1595" status="PASS">
          <reporter-output>
          </reporter-output>
        </test-method> <!-- setUp -->
        <test-method signature="testFooterBrandingLink()[pri:0, instance:com.orangehrm.tests.UiTests@6f85ee02]" started-at="2026-09-18T15:38:07 EEST" name="testFooterBrandingLink" description="TC10 - Verify the OrangeHRM footer branding link" finished-at="2026-09-18T15:38:46 EEST" duration-ms="38402" status="PASS">
          <reporter-output>
          </reporter-output>
        </test-method> <!-- testFooterBrandingLink -->
        <test-method is-config="true" signature="tearDown()[pri:0, instance:com.orangehrm.tests.UiTests@6f85ee02]" started-at="2026-09-18T15:38:46 EEST" name="tearDown" finished-at="2026-09-18T15:38:46 EEST" duration-ms="181" status="PASS">
          <reporter-output>
          </reporter-output>
        </test-method> <!-- tearDown -->
        <test-method is-config="true" signature="setUp()[pri:0, instance:com.orangehrm.tests.UiTests@6f85ee02]" started-at="2026-09-18T15:38:46 EEST" name="setUp" finished-at="2026-09-18T15:38:47 EEST" duration-ms="1590" status="PASS">
          <reporter-output>
          </reporter-output>
        </test-method> <!-- setUp -->
        <test-method signature="testSidebarMenuItems()[pri:0, instance:com.orangehrm.tests.UiTests@6f85ee02]" started-at="2026-09-18T15:38:47 EEST" name="testSidebarMenuItems" description="TC11 - Verify the sidebar menu items" finished-at="2026-09-18T15:39:06 EEST" duration-ms="18476" status="PASS">
          <reporter-output>
          </reporter-output>
        </test-method> <!-- testSidebarMenuItems -->
        <test-method is-config="true" signature="tearDown()[pri:0, instance:com.orangehrm.tests.UiTests@6f85ee02]" started-at="2026-09-18T15:39:06 EEST" name="tearDown" finished-at="2026-09-18T15:39:06 EEST" duration-ms="181" status="PASS">
          <reporter-output>
          </reporter-output>
        </test-method> <!-- tearDown -->
      </class> <!-- com.orangehrm.tests.UiTests -->
      <class name="com.orangehrm.tests.AdminTests">
        <test-method is-config="true" signature="setUp()[pri:0, instance:com.orangehrm.tests.AdminTests@7f8a9454]" started-at="2026-09-18T15:36:03 EEST" name="setUp" finished-at="2026-09-18T15:36:10 EEST" duration-ms="7125" status="PASS">
          <reporter-output>
          </reporter-output>
        </test-method> <!-- setUp -->
        <test-method signature="testAddUserFormFields()[pri:0, instance:com.orangehrm.tests.AdminTests@7f8a9454]" started-at="2026-09-18T15:36:10 EEST" name="testAddUserFormFields" description="TC09 - Verify the Admin &gt; Add User page fields" finished-at="2026-09-18T15:36:44 EEST" duration-ms="33850" status="PASS">
          <reporter-output>
          </reporter-output>
        </test-method> <!-- testAddUserFormFields -->
        <test-method is-config="true" signature="tearDown()[pri:0, instance:com.orangehrm.tests.AdminTests@7f8a9454]" started-at="2026-09-18T15:36:44 EEST" name="tearDown" finished-at="2026-09-18T15:36:44 EEST" duration-ms="167" status="PASS">
          <reporter-output>
          </reporter-output>
        </test-method> <!-- tearDown -->
      </class> <!-- com.orangehrm.tests.AdminTests -->
    </test> <!-- Admin & UI Features Tests -->
    <test started-at="2026-09-18T15:36:03 EEST" name="PIM &amp; Employee Management Tests" finished-at="2026-09-18T15:39:54 EEST" duration-ms="231648">
      <class name="com.orangehrm.tests.AddEmployeeTests">
        <test-method is-config="true" signature="setUp()[pri:0, instance:com.orangehrm.tests.AddEmployeeTests@527a8665]" started-at="2026-09-18T15:37:20 EEST" name="setUp" finished-at="2026-09-18T15:37:21 EEST" duration-ms="1612" status="PASS">
          <reporter-output>
          </reporter-output>
        </test-method> <!-- setUp -->
        <test-method retried="true" signature="testAddEmployeeEndToEnd(java.lang.String,java.lang.String)[pri:0, instance:com.orangehrm.tests.AddEmployeeTests@527a8665]" started-at="2026-09-18T15:37:21 EEST" name="testAddEmployeeEndToEnd" description="TC08 - End-to-end: add a new employee successfully" data-provider="newEmployee" finished-at="2026-09-18T15:38:07 EEST" duration-ms="45825" status="SKIP">
          <params>
            <param index="0">
              <value>
                <![CDATA[John]]>
              </value>
            </param>
            <param index="1">
              <value>
                <![CDATA[Doe040050]]>
              </value>
            </param>
          </params>
          <exception class="org.openqa.selenium.TimeoutException">
            <message>
              <![CDATA[Expected condition failed: waiting for visibility of element located by By.name: username (tried for 10 second(s) with 500 milliseconds interval)
Build info: version: '4.25.0', revision: '8a8aea2337'
System info: os.name: 'Windows 10', os.arch: 'amd64', os.version: '10.0', java.version: '17.0.19'
Driver info: org.openqa.selenium.chrome.ChromeDriver
Capabilities {acceptInsecureCerts: false, browserName: chrome, browserVersion: 152.0.7977.83, chrome: {chromedriverVersion: 152.0.7977.82 (d04cdb24d67b..., userDataDir: C:\Users\SOUQEL~1\AppData\L...}, fedcm:accounts: true, goog:chromeOptions: {debuggerAddress: localhost:61385}, goog:processID: 17024, networkConnectionEnabled: false, pageLoadStrategy: normal, platformName: windows, proxy: Proxy(), se:cdp: ws://localhost:61385/devtoo..., se:cdpVersion: 152.0.7977.83, setWindowRect: true, strictFileInteractability: false, timeouts: {implicit: 0, pageLoad: 300000, script: 30000}, unhandledPromptBehavior: dismiss and notify, webauthn:extension:credBlob: true, webauthn:extension:largeBlob: true, webauthn:extension:minPinLength: true, webauthn:extension:prf: true, webauthn:virtualAuthenticators: true}
Session ID: 43ca7e258017c6e799016f08509eb995]]>
            </message>
            <full-stacktrace>
              <![CDATA[org.openqa.selenium.TimeoutException: Expected condition failed: waiting for visibility of element located by By.name: username (tried for 10 second(s) with 500 milliseconds interval)
Build info: version: '4.25.0', revision: '8a8aea2337'
System info: os.name: 'Windows 10', os.arch: 'amd64', os.version: '10.0', java.version: '17.0.19'
Driver info: org.openqa.selenium.chrome.ChromeDriver
Capabilities {acceptInsecureCerts: false, browserName: chrome, browserVersion: 152.0.7977.83, chrome: {chromedriverVersion: 152.0.7977.82 (d04cdb24d67b..., userDataDir: C:\Users\SOUQEL~1\AppData\L...}, fedcm:accounts: true, goog:chromeOptions: {debuggerAddress: localhost:61385}, goog:processID: 17024, networkConnectionEnabled: false, pageLoadStrategy: normal, platformName: windows, proxy: Proxy(), se:cdp: ws://localhost:61385/devtoo..., se:cdpVersion: 152.0.7977.83, setWindowRect: true, strictFileInteractability: false, timeouts: {implicit: 0, pageLoad: 300000, script: 30000}, unhandledPromptBehavior: dismiss and notify, webauthn:extension:credBlob: true, webauthn:extension:largeBlob: true, webauthn:extension:minPinLength: true, webauthn:extension:prf: true, webauthn:virtualAuthenticators: true}
Session ID: 43ca7e258017c6e799016f08509eb995
at org.openqa.selenium.support.ui.WebDriverWait.timeoutException(WebDriverWait.java:84)
at org.openqa.selenium.support.ui.FluentWait.until(FluentWait.java:228)
at com.orangehrm.base.BasePage.visible(BasePage.java:29)
at com.orangehrm.base.BasePage.type(BasePage.java:41)
at com.orangehrm.pages.LoginPage.enterUsername(LoginPage.java:25)
at com.orangehrm.pages.LoginPage.login(LoginPage.java:46)
at com.orangehrm.base.BaseTest.loginWithValidUser(BaseTest.java:51)
at com.orangehrm.tests.AddEmployeeTests.testAddEmployeeEndToEnd(AddEmployeeTests.java:55)
at java.base/jdk.internal.reflect.NativeMethodAccessorImpl.invoke0(Native Method)
at java.base/jdk.internal.reflect.NativeMethodAccessorImpl.invoke(NativeMethodAccessorImpl.java:77)
at java.base/jdk.internal.reflect.DelegatingMethodAccessorImpl.invoke(DelegatingMethodAccessorImpl.java:43)
at java.base/java.lang.reflect.Method.invoke(Method.java:569)
at org.testng.internal.invokers.MethodInvocationHelper.invokeMethod(MethodInvocationHelper.java:141)
at org.testng.internal.invokers.TestInvoker.invokeMethod(TestInvoker.java:686)
at org.testng.internal.invokers.TestInvoker.invokeTestMethod(TestInvoker.java:230)
at org.testng.internal.invokers.MethodRunner.runInSequence(MethodRunner.java:63)
at org.testng.internal.invokers.TestInvoker$MethodInvocationAgent.invoke(TestInvoker.java:992)
at org.testng.internal.invokers.TestInvoker.invokeTestMethods(TestInvoker.java:203)
at org.testng.internal.invokers.TestMethodWorker.invokeTestMethods(TestMethodWorker.java:154)
at org.testng.internal.invokers.TestMethodWorker.run(TestMethodWorker.java:134)
at java.base/java.util.ArrayList.forEach(ArrayList.java:1511)
at org.testng.TestRunner.privateRun(TestRunner.java:739)
at org.testng.TestRunner.run(TestRunner.java:614)
at org.testng.SuiteRunner.runTest(SuiteRunner.java:421)
at org.testng.SuiteRunner$SuiteWorker.run(SuiteRunner.java:463)
at org.testng.internal.thread.ThreadUtil.lambda$execute$0(ThreadUtil.java:64)
at java.base/java.util.concurrent.FutureTask.run(FutureTask.java:264)
at java.base/java.util.concurrent.ThreadPoolExecutor.runWorker(ThreadPoolExecutor.java:1136)
at java.base/java.util.concurrent.ThreadPoolExecutor$Worker.run(ThreadPoolExecutor.java:635)
at java.base/java.lang.Thread.run(Thread.java:840)
]]>
            </full-stacktrace>
          </exception> <!-- org.openqa.selenium.TimeoutException -->
          <reporter-output>
          </reporter-output>
        </test-method> <!-- testAddEmployeeEndToEnd -->
        <test-method is-config="true" signature="tearDown()[pri:0, instance:com.orangehrm.tests.AddEmployeeTests@527a8665]" started-at="2026-09-18T15:38:07 EEST" name="tearDown" finished-at="2026-09-18T15:38:07 EEST" duration-ms="388" status="PASS">
          <reporter-output>
          </reporter-output>
        </test-method> <!-- tearDown -->
        <test-method is-config="true" signature="setUp()[pri:0, instance:com.orangehrm.tests.AddEmployeeTests@527a8665]" started-at="2026-09-18T15:38:07 EEST" name="setUp" finished-at="2026-09-18T15:38:10 EEST" duration-ms="2122" status="PASS">
          <reporter-output>
          </reporter-output>
        </test-method> <!-- setUp -->
        <test-method signature="testAddEmployeeEndToEnd(java.lang.String,java.lang.String)[pri:0, instance:com.orangehrm.tests.AddEmployeeTests@527a8665]" started-at="2026-09-18T15:38:10 EEST" name="testAddEmployeeEndToEnd" description="TC08 - End-to-end: add a new employee successfully" data-provider="newEmployee" finished-at="2026-09-18T15:38:56 EEST" duration-ms="46727" status="PASS">
          <params>
            <param index="0">
              <value>
                <![CDATA[John]]>
              </value>
            </param>
            <param index="1">
              <value>
                <![CDATA[Doe040050]]>
              </value>
            </param>
          </params>
          <reporter-output>
          </reporter-output>
        </test-method> <!-- testAddEmployeeEndToEnd -->
        <test-method is-config="true" signature="tearDown()[pri:0, instance:com.orangehrm.tests.AddEmployeeTests@527a8665]" started-at="2026-09-18T15:38:56 EEST" name="tearDown" finished-at="2026-09-18T15:38:56 EEST" duration-ms="180" status="PASS">
          <reporter-output>
          </reporter-output>
        </test-method> <!-- tearDown -->
        <test-method is-config="true" signature="setUp()[pri:0, instance:com.orangehrm.tests.AddEmployeeTests@527a8665]" started-at="2026-09-18T15:38:56 EEST" name="setUp" finished-at="2026-09-18T15:38:58 EEST" duration-ms="1758" status="PASS">
          <reporter-output>
          </reporter-output>
        </test-method> <!-- setUp -->
        <test-method signature="testAddEmployeeWithEmptyFirstName()[pri:0, instance:com.orangehrm.tests.AddEmployeeTests@527a8665]" started-at="2026-09-18T15:38:58 EEST" name="testAddEmployeeWithEmptyFirstName" description="TC07 - Add employee with an empty required field" finished-at="2026-09-18T15:39:36 EEST" duration-ms="37522" status="PASS">
          <reporter-output>
          </reporter-output>
        </test-method> <!-- testAddEmployeeWithEmptyFirstName -->
        <test-method is-config="true" signature="tearDown()[pri:0, instance:com.orangehrm.tests.AddEmployeeTests@527a8665]" started-at="2026-09-18T15:39:36 EEST" name="tearDown" finished-at="2026-09-18T15:39:36 EEST" duration-ms="184" status="PASS">
          <reporter-output>
          </reporter-output>
        </test-method> <!-- tearDown -->
        <test-method is-config="true" signature="setUp()[pri:0, instance:com.orangehrm.tests.AddEmployeeTests@527a8665]" started-at="2026-09-18T15:39:36 EEST" name="setUp" finished-at="2026-09-18T15:39:37 EEST" duration-ms="1542" status="PASS">
          <reporter-output>
          </reporter-output>
        </test-method> <!-- setUp -->
        <test-method signature="testOpenAddEmployeePage()[pri:0, instance:com.orangehrm.tests.AddEmployeeTests@527a8665]" started-at="2026-09-18T15:39:37 EEST" name="testOpenAddEmployeePage" description="TC06 - Open the Add Employee page" finished-at="2026-09-18T15:39:54 EEST" duration-ms="16828" status="PASS">
          <reporter-output>
          </reporter-output>
        </test-method> <!-- testOpenAddEmployeePage -->
        <test-method is-config="true" signature="tearDown()[pri:0, instance:com.orangehrm.tests.AddEmployeeTests@527a8665]" started-at="2026-09-18T15:39:54 EEST" name="tearDown" finished-at="2026-09-18T15:39:54 EEST" duration-ms="227" status="PASS">
          <reporter-output>
          </reporter-output>
        </test-method> <!-- tearDown -->
      </class> <!-- com.orangehrm.tests.AddEmployeeTests -->
      <class name="com.orangehrm.tests.EmployeeSearchTests">
        <test-method is-config="true" signature="setUp()[pri:0, instance:com.orangehrm.tests.EmployeeSearchTests@273fa9e]" started-at="2026-09-18T15:36:04 EEST" name="setUp" finished-at="2026-09-18T15:36:10 EEST" duration-ms="5699" status="PASS">
          <reporter-output>
          </reporter-output>
        </test-method> <!-- setUp -->
        <test-method signature="testSearchExistingEmployee(java.lang.String)[pri:0, instance:com.orangehrm.tests.EmployeeSearchTests@273fa9e]" started-at="2026-09-18T15:36:10 EEST" name="testSearchExistingEmployee" description="TC04 - Search for an existing employee" data-provider="existingEmployees" finished-at="2026-09-18T15:36:40 EEST" duration-ms="30538" status="PASS">
          <params>
            <param index="0">
              <value>
                <![CDATA[Charlotte Smith]]>
              </value>
            </param>
          </params>
          <reporter-output>
          </reporter-output>
        </test-method> <!-- testSearchExistingEmployee -->
        <test-method is-config="true" signature="tearDown()[pri:0, instance:com.orangehrm.tests.EmployeeSearchTests@273fa9e]" started-at="2026-09-18T15:36:40 EEST" name="tearDown" finished-at="2026-09-18T15:36:41 EEST" duration-ms="200" status="PASS">
          <reporter-output>
          </reporter-output>
        </test-method> <!-- tearDown -->
        <test-method is-config="true" signature="setUp()[pri:0, instance:com.orangehrm.tests.EmployeeSearchTests@273fa9e]" started-at="2026-09-18T15:36:41 EEST" name="setUp" finished-at="2026-09-18T15:36:43 EEST" duration-ms="2261" status="PASS">
          <reporter-output>
          </reporter-output>
        </test-method> <!-- setUp -->
        <test-method signature="testSearchNonExistingEmployee(java.lang.String)[pri:0, instance:com.orangehrm.tests.EmployeeSearchTests@273fa9e]" started-at="2026-09-18T15:36:43 EEST" name="testSearchNonExistingEmployee" description="TC05 - Search for a non-existing employee" data-provider="nonExistingEmployees" finished-at="2026-09-18T15:37:19 EEST" duration-ms="36561" status="PASS">
          <params>
            <param index="0">
              <value>
                <![CDATA[Zzqx Notreal]]>
              </value>
            </param>
          </params>
          <reporter-output>
          </reporter-output>
        </test-method> <!-- testSearchNonExistingEmployee -->
        <test-method is-config="true" signature="tearDown()[pri:0, instance:com.orangehrm.tests.EmployeeSearchTests@273fa9e]" started-at="2026-09-18T15:37:19 EEST" name="tearDown" finished-at="2026-09-18T15:37:20 EEST" duration-ms="189" status="PASS">
          <reporter-output>
          </reporter-output>
        </test-method> <!-- tearDown -->
      </class> <!-- com.orangehrm.tests.EmployeeSearchTests -->
    </test> <!-- PIM & Employee Management Tests -->
  </suite> <!-- OrangeHRM Automation Suite -->
</testng-results>
