<?xml version="1.0" encoding="UTF-8"?>
<testsuite xmlns:xsi="http://www.w3.org/2001/XMLSchema-instance" xsi:noNamespaceSchemaLocation="https://maven.apache.org/surefire/maven-surefire-plugin/xsd/surefire-test-report.xsd" version="3.0.2" name="TestSuite" time="238.844" tests="13" errors="0" skipped="2" failures="0">
  <properties>
[...]
</properties>
  <testcase name="testLoginWithEmptyFields" classname="com.orangehrm.tests.LoginTests" time="19.021">
    <system-out><![CDATA[15:36:10.024 [TestNG-tests-2] INFO  BaseTest - Driver started for thread 25
15:36:10.353 [TestNG-tests-2] INFO  BaseTest - TC04 - searching for existing employee: Charlotte Smith
15:36:10.637 [TestNG-tests-3] INFO  BaseTest - Driver started for thread 26
15:36:10.658 [TestNG-tests-3] INFO  BaseTest - TC09 - verifying the Add User form fields
15:36:10.838 [TestNG-tests-1] INFO  BaseTest - Driver started for thread 24
15:36:10.844 [TestNG-tests-1] INFO  BaseTest - TC03 - login with empty fields
15:36:19.720 [TestNG-tests-2] INFO  BaseTest - Logged in as Admin
]]></system-out>
    <system-err><![CDATA[SLF4J: Failed to load class "org.slf4j.impl.StaticLoggerBinder".
SLF4J: Defaulting to no-operation (NOP) logger implementation
SLF4J: See http://www.slf4j.org/codes.html#StaticLoggerBinder for further details.
Sep 18, 2026 3:36:09 PM org.openqa.selenium.devtools.CdpVersionFinder findNearestMatch
WARNING: Unable to find CDP implementation matching 152
Sep 18, 2026 3:36:09 PM org.openqa.selenium.chromium.ChromiumDriver lambda$new$5
WARNING: Unable to find version of CDP to use for 152.0.7977.83. You may need to include a dependency on a specific version of the CDP using something similar to `org.seleniumhq.selenium:selenium-devtools-v86:4.25.0` where the version ("v86") matches the version of the chromium-based browser you're using and the version number of the artifact is the same as Selenium's.
Sep 18, 2026 3:36:10 PM org.openqa.selenium.devtools.CdpVersionFinder findNearestMatch
WARNING: Unable to find CDP implementation matching 152
Sep 18, 2026 3:36:10 PM org.openqa.selenium.chromium.ChromiumDriver lambda$new$5
WARNING: Unable to find version of CDP to use for 152.0.7977.83. You may need to include a dependency on a specific version of the CDP using something similar to `org.seleniumhq.selenium:selenium-devtools-v86:4.25.0` where the version ("v86") matches the version of the chromium-based browser you're using and the version number of the artifact is the same as Selenium's.
Sep 18, 2026 3:36:10 PM org.openqa.selenium.devtools.CdpVersionFinder findNearestMatch
WARNING: Unable to find CDP implementation matching 152
Sep 18, 2026 3:36:10 PM org.openqa.selenium.chromium.ChromiumDriver lambda$new$5
WARNING: Unable to find version of CDP to use for 152.0.7977.83. You may need to include a dependency on a specific version of the CDP using something similar to `org.seleniumhq.selenium:selenium-devtools-v86:4.25.0` where the version ("v86") matches the version of the chromium-based browser you're using and the version number of the artifact is the same as Selenium's.
]]></system-err>
  </testcase>
  <testcase name="testLoginWithInvalidCredentials[WrongUser, wrongPass123](1)" classname="com.orangehrm.tests.LoginTests" time="15.33">
    <system-out><![CDATA[15:36:44.672 [TestNG-tests-3] INFO  BaseTest - Closing driver for thread 26
15:36:46.616 [TestNG-tests-3] INFO  BaseTest - Driver started for thread 26
15:36:46.621 [TestNG-tests-3] INFO  BaseTest - TC10 - verifying the footer branding link
]]></system-out>
    <system-err><![CDATA[Sep 18, 2026 3:36:46 PM org.openqa.selenium.devtools.CdpVersionFinder findNearestMatch
WARNING: Unable to find CDP implementation matching 152
Sep 18, 2026 3:36:46 PM org.openqa.selenium.chromium.ChromiumDriver lambda$new$5
WARNING: Unable to find version of CDP to use for 152.0.7977.83. You may need to include a dependency on a specific version of the CDP using something similar to `org.seleniumhq.selenium:selenium-devtools-v86:4.25.0` where the version ("v86") matches the version of the chromium-based browser you're using and the version number of the artifact is the same as Selenium's.
]]></system-err>
  </testcase>
  <testcase name="testLoginWithValidCredentials[Admin, admin123](1)" classname="com.orangehrm.tests.LoginTests" time="10.811">
    <system-out><![CDATA[15:37:20.048 [TestNG-tests-2] INFO  BaseTest - Closing driver for thread 25
15:37:21.663 [TestNG-tests-2] INFO  BaseTest - Driver started for thread 25
15:37:21.669 [TestNG-tests-2] INFO  BaseTest - TC08 - creating employee John Doe040050
]]></system-out>
    <system-err><![CDATA[Sep 18, 2026 3:37:21 PM org.openqa.selenium.devtools.CdpVersionFinder findNearestMatch
WARNING: Unable to find CDP implementation matching 152
Sep 18, 2026 3:37:21 PM org.openqa.selenium.chromium.ChromiumDriver lambda$new$5
WARNING: Unable to find version of CDP to use for 152.0.7977.83. You may need to include a dependency on a specific version of the CDP using something similar to `org.seleniumhq.selenium:selenium-devtools-v86:4.25.0` where the version ("v86") matches the version of the chromium-based browser you're using and the version number of the artifact is the same as Selenium's.
]]></system-err>
  </testcase>
  <testcase name="testSearchExistingEmployee[Charlotte Smith](1)" classname="com.orangehrm.tests.EmployeeSearchTests" time="8.575">
    <system-out><![CDATA[15:36:29.958 [TestNG-tests-3] INFO  BaseTest - Logged in as Admin
15:36:30.082 [TestNG-tests-1] INFO  BaseTest - Closing driver for thread 24
15:36:32.247 [TestNG-tests-1] INFO  BaseTest - Driver started for thread 24
15:36:32.255 [TestNG-tests-1] INFO  BaseTest - ========== Starting Test Case #2: Login with invalid credentials ==========
15:36:32.256 [TestNG-tests-1] INFO  BaseTest - TC02 - login with invalid credentials: WrongUser
]]></system-out>
    <system-err><![CDATA[Sep 18, 2026 3:36:32 PM org.openqa.selenium.devtools.CdpVersionFinder findNearestMatch
WARNING: Unable to find CDP implementation matching 152
Sep 18, 2026 3:36:32 PM org.openqa.selenium.chromium.ChromiumDriver lambda$new$5
WARNING: Unable to find version of CDP to use for 152.0.7977.83. You may need to include a dependency on a specific version of the CDP using something similar to `org.seleniumhq.selenium:selenium-devtools-v86:4.25.0` where the version ("v86") matches the version of the chromium-based browser you're using and the version number of the artifact is the same as Selenium's.
]]></system-err>
  </testcase>
  <testcase name="testSearchNonExistingEmployee[Zzqx Notreal](1)" classname="com.orangehrm.tests.EmployeeSearchTests" time="16.016">
    <system-out><![CDATA[15:37:02.119 [TestNG-tests-1] INFO  BaseTest - Closing driver for thread 24
15:37:03.838 [TestNG-tests-1] INFO  BaseTest - Driver started for thread 24
15:37:03.844 [TestNG-tests-1] INFO  BaseTest - ========== Starting Test Case #1: Login with valid credentials ==========
15:37:03.845 [TestNG-tests-1] INFO  BaseTest - TC01 - login with valid credentials: Admin
15:37:05.800 [TestNG-tests-2] INFO  BaseTest - Logged in as Admin
15:37:11.261 [TestNG-tests-3] INFO  BaseTest - Logged in as Admin
]]></system-out>
    <system-err><![CDATA[Sep 18, 2026 3:37:03 PM org.openqa.selenium.devtools.CdpVersionFinder findNearestMatch
WARNING: Unable to find CDP implementation matching 152
Sep 18, 2026 3:37:03 PM org.openqa.selenium.chromium.ChromiumDriver lambda$new$5
WARNING: Unable to find version of CDP to use for 152.0.7977.83. You may need to include a dependency on a specific version of the CDP using something similar to `org.seleniumhq.selenium:selenium-devtools-v86:4.25.0` where the version ("v86") matches the version of the chromium-based browser you're using and the version number of the artifact is the same as Selenium's.
]]></system-err>
  </testcase>
  <testcase name="testAddUserFormFields" classname="com.orangehrm.tests.AdminTests" time="1.208">
    <system-out><![CDATA[15:36:41.031 [TestNG-tests-2] INFO  BaseTest - Closing driver for thread 25
15:36:43.294 [TestNG-tests-2] INFO  BaseTest - Driver started for thread 25
15:36:43.302 [TestNG-tests-2] INFO  BaseTest - TC05 - searching for non-existing employee: Zzqx Notreal
]]></system-out>
    <system-err><![CDATA[Sep 18, 2026 3:36:43 PM org.openqa.selenium.devtools.CdpVersionFinder findNearestMatch
WARNING: Unable to find CDP implementation matching 152
Sep 18, 2026 3:36:43 PM org.openqa.selenium.chromium.ChromiumDriver lambda$new$5
WARNING: Unable to find version of CDP to use for 152.0.7977.83. You may need to include a dependency on a specific version of the CDP using something similar to `org.seleniumhq.selenium:selenium-devtools-v86:4.25.0` where the version ("v86") matches the version of the chromium-based browser you're using and the version number of the artifact is the same as Selenium's.
]]></system-err>
  </testcase>
  <testcase name="testFooterBrandingLink" classname="com.orangehrm.tests.UiTests" time="0.0">
    <skipped message="timeout: Timed out receiving message from renderer: 40.000&#10;  (Session info: chrome=152.0.7977.83)&#10;Build info: version: &apos;4.25.0&apos;, revision: &apos;8a8aea2337&apos;&#10;System info: os.name: &apos;Windows 10&apos;, os.arch: &apos;amd64&apos;, os.version: &apos;10.0&apos;, java.version: &apos;17.0.19&apos;&#10;Driver info: org.openqa.selenium.chrome.ChromeDriver&#10;Command: [1db46a0781f9ef620e93100ba9087837, getCurrentUrl {}]&#10;Capabilities {acceptInsecureCerts: false, browserName: chrome, browserVersion: 152.0.7977.83, chrome: {chromedriverVersion: 152.0.7977.82 (d04cdb24d67b..., userDataDir: C:\Users\SOUQEL~1\AppData\L...}, fedcm:accounts: true, goog:chromeOptions: {debuggerAddress: localhost:61156}, goog:processID: 18780, networkConnectionEnabled: false, pageLoadStrategy: normal, platformName: windows, proxy: Proxy(), se:cdp: ws://localhost:61156/devtoo..., se:cdpVersion: 152.0.7977.83, setWindowRect: true, strictFileInteractability: false, timeouts: {implicit: 0, pageLoad: 300000, script: 30000}, unhandledPromptBehavior: dismiss and notify, webauthn:extension:credBlob: true, webauthn:extension:largeBlob: true, webauthn:extension:minPinLength: true, webauthn:extension:prf: true, webauthn:virtualAuthenticators: true}&#10;Session ID: 1db46a0781f9ef620e93100ba9087837"/>
    <system-out><![CDATA[15:37:32.647 [TestNG-tests-1] INFO  BaseTest - Closing driver for thread 24
15:38:05.832 [TestNG-tests-3] ERROR RetryAnalyzer - Test 'testFooterBrandingLink' failed. Retry attempt 1 of 2
]]></system-out>
  </testcase>
  <testcase name="testFooterBrandingLink" classname="com.orangehrm.tests.UiTests" time="36.017">
    <system-out><![CDATA[15:38:07.628 [TestNG-tests-3] INFO  BaseTest - Driver started for thread 26
15:38:07.637 [TestNG-tests-3] INFO  BaseTest - TC10 - verifying the footer branding link
15:38:07.891 [TestNG-tests-2] INFO  BaseTest - Closing driver for thread 25
15:38:10.017 [TestNG-tests-2] INFO  BaseTest - Driver started for thread 25
15:38:10.021 [TestNG-tests-2] INFO  BaseTest - TC08 - creating employee John Doe040050
15:38:17.447 [TestNG-tests-3] INFO  BaseTest - Logged in as Admin
15:38:27.464 [TestNG-tests-2] INFO  BaseTest - Logged in as Admin
]]></system-out>
    <system-err><![CDATA[Sep 18, 2026 3:38:07 PM org.openqa.selenium.devtools.CdpVersionFinder findNearestMatch
WARNING: Unable to find CDP implementation matching 152
Sep 18, 2026 3:38:07 PM org.openqa.selenium.chromium.ChromiumDriver lambda$new$5
WARNING: Unable to find version of CDP to use for 152.0.7977.83. You may need to include a dependency on a specific version of the CDP using something similar to `org.seleniumhq.selenium:selenium-devtools-v86:4.25.0` where the version ("v86") matches the version of the chromium-based browser you're using and the version number of the artifact is the same as Selenium's.
Sep 18, 2026 3:38:09 PM org.openqa.selenium.devtools.CdpVersionFinder findNearestMatch
WARNING: Unable to find CDP implementation matching 152
Sep 18, 2026 3:38:09 PM org.openqa.selenium.chromium.ChromiumDriver lambda$new$5
WARNING: Unable to find version of CDP to use for 152.0.7977.83. You may need to include a dependency on a specific version of the CDP using something similar to `org.seleniumhq.selenium:selenium-devtools-v86:4.25.0` where the version ("v86") matches the version of the chromium-based browser you're using and the version number of the artifact is the same as Selenium's.
]]></system-err>
  </testcase>
  <testcase name="testSidebarMenuItems" classname="com.orangehrm.tests.UiTests" time="7.597">
    <system-out><![CDATA[15:38:56.925 [TestNG-tests-2] INFO  BaseTest - Closing driver for thread 25
15:38:58.685 [TestNG-tests-2] INFO  BaseTest - Driver started for thread 25
15:38:58.689 [TestNG-tests-2] INFO  BaseTest - TC07 - saving an employee without a first name
15:39:00.688 [TestNG-tests-3] INFO  BaseTest - Logged in as Admin
]]></system-out>
    <system-err><![CDATA[Sep 18, 2026 3:38:58 PM org.openqa.selenium.devtools.CdpVersionFinder findNearestMatch
WARNING: Unable to find CDP implementation matching 152
Sep 18, 2026 3:38:58 PM org.openqa.selenium.chromium.ChromiumDriver lambda$new$5
WARNING: Unable to find version of CDP to use for 152.0.7977.83. You may need to include a dependency on a specific version of the CDP using something similar to `org.seleniumhq.selenium:selenium-devtools-v86:4.25.0` where the version ("v86") matches the version of the chromium-based browser you're using and the version number of the artifact is the same as Selenium's.
]]></system-err>
  </testcase>
  <testcase name="testAddEmployeeEndToEnd[John, Doe040050](1)" classname="com.orangehrm.tests.AddEmployeeTests" time="0.0">
    <skipped message="Expected condition failed: waiting for visibility of element located by By.name: username (tried for 10 second(s) with 500 milliseconds interval)&#10;Build info: version: &apos;4.25.0&apos;, revision: &apos;8a8aea2337&apos;&#10;System info: os.name: &apos;Windows 10&apos;, os.arch: &apos;amd64&apos;, os.version: &apos;10.0&apos;, java.version: &apos;17.0.19&apos;&#10;Driver info: org.openqa.selenium.chrome.ChromeDriver&#10;Capabilities {acceptInsecureCerts: false, browserName: chrome, browserVersion: 152.0.7977.83, chrome: {chromedriverVersion: 152.0.7977.82 (d04cdb24d67b..., userDataDir: C:\Users\SOUQEL~1\AppData\L...}, fedcm:accounts: true, goog:chromeOptions: {debuggerAddress: localhost:61385}, goog:processID: 17024, networkConnectionEnabled: false, pageLoadStrategy: normal, platformName: windows, proxy: Proxy(), se:cdp: ws://localhost:61385/devtoo..., se:cdpVersion: 152.0.7977.83, setWindowRect: true, strictFileInteractability: false, timeouts: {implicit: 0, pageLoad: 300000, script: 30000}, unhandledPromptBehavior: dismiss and notify, webauthn:extension:credBlob: true, webauthn:extension:largeBlob: true, webauthn:extension:minPinLength: true, webauthn:extension:prf: true, webauthn:virtualAuthenticators: true}&#10;Session ID: 43ca7e258017c6e799016f08509eb995"/>
    <system-out><![CDATA[15:38:06.030 [TestNG-tests-3] INFO  BaseTest - Closing driver for thread 26
15:38:07.491 [TestNG-tests-2] ERROR RetryAnalyzer - Test 'testAddEmployeeEndToEnd' failed. Retry attempt 1 of 2
]]></system-out>
  </testcase>
  <testcase name="testAddEmployeeEndToEnd[John, Doe040050](2)" classname="com.orangehrm.tests.AddEmployeeTests" time="8.936">
    <system-out><![CDATA[15:38:46.216 [TestNG-tests-3] INFO  BaseTest - Closing driver for thread 26
15:38:47.808 [TestNG-tests-3] INFO  BaseTest - Driver started for thread 26
15:38:47.814 [TestNG-tests-3] INFO  BaseTest - TC11 - verifying the sidebar menu items
]]></system-out>
    <system-err><![CDATA[Sep 18, 2026 3:38:47 PM org.openqa.selenium.devtools.CdpVersionFinder findNearestMatch
WARNING: Unable to find CDP implementation matching 152
Sep 18, 2026 3:38:47 PM org.openqa.selenium.chromium.ChromiumDriver lambda$new$5
WARNING: Unable to find version of CDP to use for 152.0.7977.83. You may need to include a dependency on a specific version of the CDP using something similar to `org.seleniumhq.selenium:selenium-devtools-v86:4.25.0` where the version ("v86") matches the version of the chromium-based browser you're using and the version number of the artifact is the same as Selenium's.
]]></system-err>
  </testcase>
  <testcase name="testAddEmployeeWithEmptyFirstName" classname="com.orangehrm.tests.AddEmployeeTests" time="37.521">
    <system-out><![CDATA[15:39:06.466 [TestNG-tests-3] INFO  BaseTest - Closing driver for thread 26
15:39:14.615 [TestNG-tests-2] INFO  BaseTest - Logged in as Admin
]]></system-out>
  </testcase>
  <testcase name="testOpenAddEmployeePage" classname="com.orangehrm.tests.AddEmployeeTests" time="16.828">
    <system-out><![CDATA[15:39:36.393 [TestNG-tests-2] INFO  BaseTest - Closing driver for thread 25
15:39:37.935 [TestNG-tests-2] INFO  BaseTest - Driver started for thread 25
15:39:37.940 [TestNG-tests-2] INFO  BaseTest - TC06 - opening the Add Employee page
15:39:50.126 [TestNG-tests-2] INFO  BaseTest - Logged in as Admin
]]></system-out>
    <system-err><![CDATA[Sep 18, 2026 3:39:37 PM org.openqa.selenium.devtools.CdpVersionFinder findNearestMatch
WARNING: Unable to find CDP implementation matching 152
Sep 18, 2026 3:39:37 PM org.openqa.selenium.chromium.ChromiumDriver lambda$new$5
WARNING: Unable to find version of CDP to use for 152.0.7977.83. You may need to include a dependency on a specific version of the CDP using something similar to `org.seleniumhq.selenium:selenium-devtools-v86:4.25.0` where the version ("v86") matches the version of the chromium-based browser you're using and the version number of the artifact is the same as Selenium's.
]]></system-err>
  </testcase>
</testsuite>