<?xml version="1.0" encoding="UTF-8"?>
<!-- Generated by org.testng.reporters.JUnitReportReporter -->
<testsuite hostname="DESKTOP-LFA4N1R" failures="0" tests="3" name="com.orangehrm.tests.UiTests" time="141.772" errors="0" timestamp="2026-09-18T15:39:55 EEST" skipped="1">
  <testcase classname="com.orangehrm.tests.UiTests" name="testFooterBrandingLink" time="40.173"/>
  <testcase classname="com.orangehrm.tests.UiTests" name="testSidebarMenuItems" time="20.610"/>
  <testcase classname="com.orangehrm.tests.UiTests" name="testFooterBrandingLink" time="80.989">
    <skipped/>
  </testcase> <!-- testFooterBrandingLink -->
</testsuite> <!-- com.orangehrm.tests.UiTests -->
