<?xml version="1.0" encoding="UTF-8"?>
<!-- Generated by org.testng.reporters.JUnitReportReporter -->
<testsuite hostname="DESKTOP-LFA4N1R" failures="0" tests="3" name="com.orangehrm.tests.LoginTests" time="89.103" errors="0" timestamp="2026-09-18T15:39:55 EEST" skipped="0">
  <testcase classname="com.orangehrm.tests.LoginTests" name="testLoginWithEmptyFields" time="26.552"/>
  <testcase classname="com.orangehrm.tests.LoginTests" name="testLoginWithInvalidCredentials" time="31.586"/>
  <testcase classname="com.orangehrm.tests.LoginTests" name="testLoginWithValidCredentials" time="30.965"/>
</testsuite> <!-- com.orangehrm.tests.LoginTests -->
