<?xml version="1.0" encoding="UTF-8"?>
<!-- Generated by org.testng.reporters.JUnitReportReporter -->
<testsuite hostname="DESKTOP-LFA4N1R" failures="0" tests="2" name="com.orangehrm.tests.EmployeeSearchTests" time="75.448" errors="0" timestamp="2026-09-18T15:39:55 EEST" skipped="0">
  <testcase classname="com.orangehrm.tests.EmployeeSearchTests" name="testSearchExistingEmployee" time="32.999"/>
  <testcase classname="com.orangehrm.tests.EmployeeSearchTests" name="testSearchNonExistingEmployee" time="42.449"/>
</testsuite> <!-- com.orangehrm.tests.EmployeeSearchTests -->
