<?xml version="1.0" encoding="UTF-8"?>
<!-- Generated by org.testng.reporters.JUnitReportReporter -->
<testsuite hostname="DESKTOP-LFA4N1R" failures="0" tests="4" name="com.orangehrm.tests.AddEmployeeTests" time="154.915" errors="0" timestamp="2026-09-18T15:39:55 EEST" skipped="1">
  <testcase classname="com.orangehrm.tests.AddEmployeeTests" name="testAddEmployeeEndToEnd" time="47.617">
    <skipped/>
  </testcase> <!-- testAddEmployeeEndToEnd -->
  <testcase classname="com.orangehrm.tests.AddEmployeeTests" name="testOpenAddEmployeePage" time="18.554"/>
  <testcase classname="com.orangehrm.tests.AddEmployeeTests" name="testAddEmployeeEndToEnd" time="48.873"/>
  <testcase classname="com.orangehrm.tests.AddEmployeeTests" name="testAddEmployeeWithEmptyFirstName" time="39.871"/>
</testsuite> <!-- com.orangehrm.tests.AddEmployeeTests -->
